[0810/154639.696:ERROR:file_io.cc(89)] ReadExactly: expected 36, observed 0
[0818/131949.442:ERROR:file_io.cc(89)] ReadExactly: expected 36, observed 0
[0818/132040.436:ERROR:file_io.cc(134)] WriteFile: Se está cerrando la canalización. (0xE8)
[0820/115850.300:ERROR:file_io.cc(89)] ReadExactly: expected 36, observed 0
[0822/221939.545:ERROR:process_info.cc(329)] VirtualQueryEx: Acceso denegado. (0x5)
[0822/221939.551:ERROR:process_info.cc(556)] ReadMemoryInfo failed
[0822/221939.551:ERROR:scoped_process_suspend.cc(40)] NtResumeProcess: Se intentó obtener acceso a un proceso que está cerrándose. (0xc000010a)
[0828/094416.637:ERROR:file_io.cc(89)] ReadExactly: expected 36, observed 0
[0831/080416.231:ERROR:file_io.cc(89)] ReadExactly: expected 36, observed 0
[0930/113125.221:ERROR:file_io.cc(135)] WriteFile: Se está cerrando la canalización. (0xE8)
[1001/160503.543:ERROR:registration_protocol_win.cc(131)] TransactNamedPipe: Ha terminado la canalización. (0x6D)
[1015/103216.398:ERROR:registration_protocol_win.cc(131)] TransactNamedPipe: Ha terminado la canalización. (0x6D)
[1015/130846.302:ERROR:registration_protocol_win.cc(131)] TransactNamedPipe: Ha terminado la canalización. (0x6D)
[1027/111928.275:ERROR:exit_code_watcher_win.cc(87)] Failed to wait for process exit or stop event
[1027/111928.555:ERROR:registration_protocol_win.cc(131)] TransactNamedPipe: Ha terminado la canalización. (0x6D)
[1027/112545.678:ERROR:registration_protocol_win.cc(131)] TransactNamedPipe: Ha terminado la canalización. (0x6D)
[1027/112952.037:ERROR:registration_protocol_win.cc(131)] TransactNamedPipe: Ha terminado la canalización. (0x6D)
[1027/113127.782:ERROR:registration_protocol_win.cc(131)] TransactNamedPipe: Ha terminado la canalización. (0x6D)
[1027/113306.291:ERROR:registration_protocol_win.cc(131)] TransactNamedPipe: Ha terminado la canalización. (0x6D)
[1027/113356.317:ERROR:registration_protocol_win.cc(131)] TransactNamedPipe: Ha terminado la canalización. (0x6D)
[1027/113609.317:ERROR:registration_protocol_win.cc(131)] TransactNamedPipe: Ha terminado la canalización. (0x6D)
[1027/113826.940:ERROR:registration_protocol_win.cc(131)] TransactNamedPipe: Ha terminado la canalización. (0x6D)
[1027/114056.629:ERROR:registration_protocol_win.cc(131)] TransactNamedPipe: Ha terminado la canalización. (0x6D)
[1027/114202.528:ERROR:registration_protocol_win.cc(131)] TransactNamedPipe: Ha terminado la canalización. (0x6D)
[1027/114432.154:ERROR:registration_protocol_win.cc(131)] TransactNamedPipe: Ha terminado la canalización. (0x6D)
[1027/114541.554:ERROR:registration_protocol_win.cc(131)] TransactNamedPipe: Ha terminado la canalización. (0x6D)
[1027/114906.517:ERROR:registration_protocol_win.cc(131)] TransactNamedPipe: Ha terminado la canalización. (0x6D)
[1027/115105.059:ERROR:registration_protocol_win.cc(131)] TransactNamedPipe: Ha terminado la canalización. (0x6D)
[1027/115323.738:ERROR:registration_protocol_win.cc(131)] TransactNamedPipe: Ha terminado la canalización. (0x6D)
[1027/134846.963:ERROR:registration_protocol_win.cc(131)] TransactNamedPipe: Ha terminado la canalización. (0x6D)
[1027/140643.567:ERROR:registration_protocol_win.cc(131)] TransactNamedPipe: Ha terminado la canalización. (0x6D)
[1027/143955.610:ERROR:registration_protocol_win.cc(131)] TransactNamedPipe: Ha terminado la canalización. (0x6D)
[1027/144434.132:ERROR:registration_protocol_win.cc(131)] TransactNamedPipe: Ha terminado la canalización. (0x6D)
[1027/144708.395:ERROR:registration_protocol_win.cc(131)] TransactNamedPipe: Ha terminado la canalización. (0x6D)
[1027/144925.149:ERROR:registration_protocol_win.cc(131)] TransactNamedPipe: Ha terminado la canalización. (0x6D)
[1027/145154.675:ERROR:registration_protocol_win.cc(131)] TransactNamedPipe: Ha terminado la canalización. (0x6D)
[1027/153832.725:ERROR:registration_protocol_win.cc(131)] TransactNamedPipe: Ha terminado la canalización. (0x6D)
[1027/154628.591:ERROR:registration_protocol_win.cc(131)] TransactNamedPipe: Ha terminado la canalización. (0x6D)
[1029/010612.781:ERROR:registration_protocol_win.cc(131)] TransactNamedPipe: Ha terminado la canalización. (0x6D)
[1029/084832.195:ERROR:registration_protocol_win.cc(131)] TransactNamedPipe: Ha terminado la canalización. (0x6D)
[1029/085921.637:ERROR:registration_protocol_win.cc(131)] TransactNamedPipe: Ha terminado la canalización. (0x6D)
[1029/131348.975:ERROR:exit_code_watcher_win.cc(87)] Failed to wait for process exit or stop event
[1029/131349.154:ERROR:registration_protocol_win.cc(131)] TransactNamedPipe: Ha terminado la canalización. (0x6D)
[1029/132601.479:ERROR:registration_protocol_win.cc(131)] TransactNamedPipe: Ha terminado la canalización. (0x6D)
[1029/132742.496:ERROR:registration_protocol_win.cc(131)] TransactNamedPipe: Ha terminado la canalización. (0x6D)
[1029/132946.845:ERROR:registration_protocol_win.cc(131)] TransactNamedPipe: Ha terminado la canalización. (0x6D)
[1029/133257.741:ERROR:registration_protocol_win.cc(131)] TransactNamedPipe: Ha terminado la canalización. (0x6D)
[1029/133450.160:ERROR:registration_protocol_win.cc(131)] TransactNamedPipe: Ha terminado la canalización. (0x6D)
[1029/134542.116:ERROR:registration_protocol_win.cc(131)] TransactNamedPipe: Ha terminado la canalización. (0x6D)
[1029/134928.830:ERROR:registration_protocol_win.cc(131)] TransactNamedPipe: Ha terminado la canalización. (0x6D)
[1029/135057.314:ERROR:registration_protocol_win.cc(131)] TransactNamedPipe: Ha terminado la canalización. (0x6D)
[1029/135205.014:ERROR:registration_protocol_win.cc(131)] TransactNamedPipe: Ha terminado la canalización. (0x6D)
[1029/135427.514:ERROR:registration_protocol_win.cc(131)] TransactNamedPipe: Ha terminado la canalización. (0x6D)
[1029/135720.566:ERROR:registration_protocol_win.cc(131)] TransactNamedPipe: Ha terminado la canalización. (0x6D)
[1029/135843.251:ERROR:registration_protocol_win.cc(131)] TransactNamedPipe: Ha terminado la canalización. (0x6D)
[1029/135934.048:ERROR:registration_protocol_win.cc(131)] TransactNamedPipe: Ha terminado la canalización. (0x6D)
[1029/140201.225:ERROR:registration_protocol_win.cc(131)] TransactNamedPipe: Ha terminado la canalización. (0x6D)
[1029/141150.560:ERROR:registration_protocol_win.cc(131)] TransactNamedPipe: Ha terminado la canalización. (0x6D)
[1029/141254.073:ERROR:registration_protocol_win.cc(131)] TransactNamedPipe: Ha terminado la canalización. (0x6D)
[1029/141400.653:ERROR:registration_protocol_win.cc(131)] TransactNamedPipe: Ha terminado la canalización. (0x6D)
[1029/141450.909:ERROR:registration_protocol_win.cc(131)] TransactNamedPipe: Ha terminado la canalización. (0x6D)
[1029/141625.610:ERROR:registration_protocol_win.cc(131)] TransactNamedPipe: Ha terminado la canalización. (0x6D)
[1029/141734.401:ERROR:registration_protocol_win.cc(131)] TransactNamedPipe: Ha terminado la canalización. (0x6D)
[1029/142030.821:ERROR:registration_protocol_win.cc(131)] TransactNamedPipe: Ha terminado la canalización. (0x6D)
[1029/142134.648:ERROR:registration_protocol_win.cc(131)] TransactNamedPipe: Ha terminado la canalización. (0x6D)
[1029/142633.277:ERROR:registration_protocol_win.cc(131)] TransactNamedPipe: Ha terminado la canalización. (0x6D)
[1029/142851.708:ERROR:exit_code_watcher_win.cc(87)] Failed to wait for process exit or stop event
[1029/142851.851:ERROR:registration_protocol_win.cc(131)] TransactNamedPipe: Ha terminado la canalización. (0x6D)
[1029/143008.163:ERROR:registration_protocol_win.cc(131)] TransactNamedPipe: Ha terminado la canalización. (0x6D)
[1029/143046.415:ERROR:registration_protocol_win.cc(131)] TransactNamedPipe: Ha terminado la canalización. (0x6D)
[1029/143123.873:ERROR:registration_protocol_win.cc(131)] TransactNamedPipe: Ha terminado la canalización. (0x6D)
[1029/144543.398:ERROR:registration_protocol_win.cc(131)] TransactNamedPipe: Ha terminado la canalización. (0x6D)
[1029/144854.556:ERROR:registration_protocol_win.cc(131)] TransactNamedPipe: Ha terminado la canalización. (0x6D)
[1029/145623.917:ERROR:registration_protocol_win.cc(131)] TransactNamedPipe: Ha terminado la canalización. (0x6D)
[1029/145848.935:ERROR:registration_protocol_win.cc(131)] TransactNamedPipe: Ha terminado la canalización. (0x6D)
[1029/145954.531:ERROR:registration_protocol_win.cc(131)] TransactNamedPipe: Ha terminado la canalización. (0x6D)
[1029/150135.230:ERROR:registration_protocol_win.cc(131)] TransactNamedPipe: Ha terminado la canalización. (0x6D)
[1029/190908.509:ERROR:registration_protocol_win.cc(131)] TransactNamedPipe: Ha terminado la canalización. (0x6D)
[1029/191233.321:ERROR:registration_protocol_win.cc(131)] TransactNamedPipe: Ha terminado la canalización. (0x6D)
[1029/192952.324:ERROR:registration_protocol_win.cc(131)] TransactNamedPipe: Ha terminado la canalización. (0x6D)
[1029/193116.507:ERROR:registration_protocol_win.cc(131)] TransactNamedPipe: Ha terminado la canalización. (0x6D)
[1102/133010.491:ERROR:registration_protocol_win.cc(131)] TransactNamedPipe: Ha terminado la canalización. (0x6D)
[1102/133602.897:ERROR:registration_protocol_win.cc(131)] TransactNamedPipe: Ha terminado la canalización. (0x6D)
[1102/133628.589:ERROR:registration_protocol_win.cc(131)] TransactNamedPipe: Ha terminado la canalización. (0x6D)
[1102/134300.812:ERROR:registration_protocol_win.cc(131)] TransactNamedPipe: Ha terminado la canalización. (0x6D)
[1102/134530.848:ERROR:registration_protocol_win.cc(131)] TransactNamedPipe: Ha terminado la canalización. (0x6D)
[1102/134638.468:ERROR:registration_protocol_win.cc(131)] TransactNamedPipe: Ha terminado la canalización. (0x6D)
[1102/135138.491:ERROR:registration_protocol_win.cc(131)] TransactNamedPipe: Ha terminado la canalización. (0x6D)
[1102/135444.844:ERROR:registration_protocol_win.cc(131)] TransactNamedPipe: Ha terminado la canalización. (0x6D)
[1102/135628.639:ERROR:registration_protocol_win.cc(131)] TransactNamedPipe: Ha terminado la canalización. (0x6D)
[1102/135824.057:ERROR:registration_protocol_win.cc(131)] TransactNamedPipe: Ha terminado la canalización. (0x6D)
[1102/140918.413:ERROR:registration_protocol_win.cc(131)] TransactNamedPipe: Ha terminado la canalización. (0x6D)
[1102/141957.442:ERROR:registration_protocol_win.cc(131)] TransactNamedPipe: Ha terminado la canalización. (0x6D)
[1102/142142.786:ERROR:registration_protocol_win.cc(131)] TransactNamedPipe: Ha terminado la canalización. (0x6D)
[1102/142307.593:ERROR:registration_protocol_win.cc(131)] TransactNamedPipe: Ha terminado la canalización. (0x6D)
[1102/142601.499:ERROR:registration_protocol_win.cc(131)] TransactNamedPipe: Ha terminado la canalización. (0x6D)
[1102/142749.346:ERROR:registration_protocol_win.cc(131)] TransactNamedPipe: Ha terminado la canalización. (0x6D)
[1102/143205.838:ERROR:registration_protocol_win.cc(131)] TransactNamedPipe: Ha terminado la canalización. (0x6D)
[1102/143321.792:ERROR:registration_protocol_win.cc(131)] TransactNamedPipe: Ha terminado la canalización. (0x6D)
[1102/143455.801:ERROR:registration_protocol_win.cc(131)] TransactNamedPipe: Ha terminado la canalización. (0x6D)
[1102/143843.765:ERROR:registration_protocol_win.cc(131)] TransactNamedPipe: Ha terminado la canalización. (0x6D)
[1102/144113.268:ERROR:registration_protocol_win.cc(131)] TransactNamedPipe: Ha terminado la canalización. (0x6D)
[1102/144230.586:ERROR:registration_protocol_win.cc(131)] TransactNamedPipe: Ha terminado la canalización. (0x6D)
[1102/144638.461:ERROR:registration_protocol_win.cc(131)] TransactNamedPipe: Ha terminado la canalización. (0x6D)
[1102/145647.165:ERROR:registration_protocol_win.cc(131)] TransactNamedPipe: Ha terminado la canalización. (0x6D)
[1102/145845.277:ERROR:registration_protocol_win.cc(131)] TransactNamedPipe: Ha terminado la canalización. (0x6D)
[1102/150927.912:ERROR:registration_protocol_win.cc(131)] TransactNamedPipe: Ha terminado la canalización. (0x6D)
[1102/152227.630:ERROR:registration_protocol_win.cc(131)] TransactNamedPipe: Ha terminado la canalización. (0x6D)
[1102/152346.991:ERROR:registration_protocol_win.cc(131)] TransactNamedPipe: Ha terminado la canalización. (0x6D)
[1102/152509.160:ERROR:registration_protocol_win.cc(131)] TransactNamedPipe: Ha terminado la canalización. (0x6D)
[1102/152811.107:ERROR:registration_protocol_win.cc(131)] TransactNamedPipe: Ha terminado la canalización. (0x6D)
[1102/153156.369:ERROR:registration_protocol_win.cc(131)] TransactNamedPipe: Ha terminado la canalización. (0x6D)
[1102/153636.362:ERROR:registration_protocol_win.cc(131)] TransactNamedPipe: Ha terminado la canalización. (0x6D)
[1102/153832.507:ERROR:registration_protocol_win.cc(131)] TransactNamedPipe: Ha terminado la canalización. (0x6D)
[1102/154225.747:ERROR:registration_protocol_win.cc(131)] TransactNamedPipe: Ha terminado la canalización. (0x6D)
[1102/154559.328:ERROR:registration_protocol_win.cc(131)] TransactNamedPipe: Ha terminado la canalización. (0x6D)
[1102/154918.667:ERROR:registration_protocol_win.cc(131)] TransactNamedPipe: Ha terminado la canalización. (0x6D)
[1102/155755.375:ERROR:registration_protocol_win.cc(131)] TransactNamedPipe: Ha terminado la canalización. (0x6D)
[1102/160353.362:ERROR:registration_protocol_win.cc(131)] TransactNamedPipe: Ha terminado la canalización. (0x6D)
[1102/160712.819:ERROR:registration_protocol_win.cc(131)] TransactNamedPipe: Ha terminado la canalización. (0x6D)
[1102/161120.292:ERROR:registration_protocol_win.cc(131)] TransactNamedPipe: Ha terminado la canalización. (0x6D)
[1102/161208.376:ERROR:registration_protocol_win.cc(131)] TransactNamedPipe: Ha terminado la canalización. (0x6D)
[1102/163014.260:ERROR:registration_protocol_win.cc(131)] TransactNamedPipe: Ha terminado la canalización. (0x6D)
[1102/163257.012:ERROR:registration_protocol_win.cc(131)] TransactNamedPipe: Ha terminado la canalización. (0x6D)
[1102/163632.408:ERROR:registration_protocol_win.cc(131)] TransactNamedPipe: Ha terminado la canalización. (0x6D)
[1102/164202.755:ERROR:exit_code_watcher_win.cc(87)] Failed to wait for process exit or stop event
[1102/164203.198:ERROR:registration_protocol_win.cc(131)] TransactNamedPipe: Ha terminado la canalización. (0x6D)
[1102/164421.185:ERROR:registration_protocol_win.cc(131)] TransactNamedPipe: Ha terminado la canalización. (0x6D)
[1102/164602.020:ERROR:registration_protocol_win.cc(131)] TransactNamedPipe: Ha terminado la canalización. (0x6D)
[1102/164848.314:ERROR:registration_protocol_win.cc(131)] TransactNamedPipe: Ha terminado la canalización. (0x6D)
[1102/165216.797:ERROR:registration_protocol_win.cc(131)] TransactNamedPipe: Ha terminado la canalización. (0x6D)
[1102/165435.884:ERROR:registration_protocol_win.cc(131)] TransactNamedPipe: Ha terminado la canalización. (0x6D)
[1102/165852.310:ERROR:registration_protocol_win.cc(131)] TransactNamedPipe: Ha terminado la canalización. (0x6D)
[1102/170932.086:ERROR:registration_protocol_win.cc(131)] TransactNamedPipe: Ha terminado la canalización. (0x6D)
[1102/171434.103:ERROR:registration_protocol_win.cc(131)] TransactNamedPipe: Ha terminado la canalización. (0x6D)
[1103/084932.471:ERROR:registration_protocol_win.cc(131)] TransactNamedPipe: Ha terminado la canalización. (0x6D)
[1103/085157.950:ERROR:registration_protocol_win.cc(131)] TransactNamedPipe: Ha terminado la canalización. (0x6D)
[1103/085415.311:ERROR:registration_protocol_win.cc(131)] TransactNamedPipe: Ha terminado la canalización. (0x6D)
[1103/090203.387:ERROR:registration_protocol_win.cc(131)] TransactNamedPipe: Ha terminado la canalización. (0x6D)
[1103/140438.901:ERROR:registration_protocol_win.cc(131)] TransactNamedPipe: Ha terminado la canalización. (0x6D)
[1103/141023.002:ERROR:exit_code_watcher_win.cc(87)] Failed to wait for process exit or stop event
[1103/141023.536:ERROR:registration_protocol_win.cc(131)] TransactNamedPipe: Ha terminado la canalización. (0x6D)
[1103/141211.671:ERROR:registration_protocol_win.cc(131)] TransactNamedPipe: Ha terminado la canalización. (0x6D)
[1103/141410.318:ERROR:registration_protocol_win.cc(131)] TransactNamedPipe: Ha terminado la canalización. (0x6D)
[1103/141827.999:ERROR:registration_protocol_win.cc(131)] TransactNamedPipe: Ha terminado la canalización. (0x6D)
[1105/124038.160:ERROR:registration_protocol_win.cc(131)] TransactNamedPipe: Ha terminado la canalización. (0x6D)
[1105/124219.968:ERROR:registration_protocol_win.cc(131)] TransactNamedPipe: Ha terminado la canalización. (0x6D)
[1105/125540.948:ERROR:registration_protocol_win.cc(131)] TransactNamedPipe: Ha terminado la canalización. (0x6D)
[1105/130823.455:ERROR:registration_protocol_win.cc(131)] TransactNamedPipe: Ha terminado la canalización. (0x6D)
[1105/163550.639:ERROR:registration_protocol_win.cc(131)] TransactNamedPipe: Ha terminado la canalización. (0x6D)
[1106/103146.508:ERROR:exit_code_watcher_win.cc(87)] Failed to wait for process exit or stop event
[1106/103147.084:ERROR:registration_protocol_win.cc(131)] TransactNamedPipe: Ha terminado la canalización. (0x6D)
[1109/101346.120:ERROR:registration_protocol_win.cc(131)] TransactNamedPipe: Ha terminado la canalización. (0x6D)
[1109/101431.524:ERROR:registration_protocol_win.cc(131)] TransactNamedPipe: Ha terminado la canalización. (0x6D)
[1109/161037.037:ERROR:registration_protocol_win.cc(131)] TransactNamedPipe: Ha terminado la canalización. (0x6D)
[1109/161212.265:ERROR:registration_protocol_win.cc(131)] TransactNamedPipe: Ha terminado la canalización. (0x6D)
[1110/105010.173:ERROR:registration_protocol_win.cc(131)] TransactNamedPipe: Ha terminado la canalización. (0x6D)
[1110/105455.690:ERROR:registration_protocol_win.cc(131)] TransactNamedPipe: Ha terminado la canalización. (0x6D)
[1110/105612.259:ERROR:registration_protocol_win.cc(131)] TransactNamedPipe: Ha terminado la canalización. (0x6D)
[1110/105722.974:ERROR:registration_protocol_win.cc(131)] TransactNamedPipe: Ha terminado la canalización. (0x6D)
[1110/110531.047:ERROR:registration_protocol_win.cc(131)] TransactNamedPipe: Ha terminado la canalización. (0x6D)
[1110/110652.497:ERROR:registration_protocol_win.cc(131)] TransactNamedPipe: Ha terminado la canalización. (0x6D)
[1110/110957.232:ERROR:registration_protocol_win.cc(131)] TransactNamedPipe: Ha terminado la canalización. (0x6D)
[1110/111201.450:ERROR:registration_protocol_win.cc(131)] TransactNamedPipe: Ha terminado la canalización. (0x6D)
[1110/111416.054:ERROR:registration_protocol_win.cc(131)] TransactNamedPipe: Ha terminado la canalización. (0x6D)
[1110/112151.015:ERROR:registration_protocol_win.cc(131)] TransactNamedPipe: Ha terminado la canalización. (0x6D)
[1110/112259.199:ERROR:registration_protocol_win.cc(131)] TransactNamedPipe: Ha terminado la canalización. (0x6D)
[1110/112648.621:ERROR:registration_protocol_win.cc(131)] TransactNamedPipe: Ha terminado la canalización. (0x6D)
[1110/112926.468:ERROR:registration_protocol_win.cc(131)] TransactNamedPipe: Ha terminado la canalización. (0x6D)
[1110/113053.476:ERROR:registration_protocol_win.cc(131)] TransactNamedPipe: Ha terminado la canalización. (0x6D)
[1110/113301.213:ERROR:registration_protocol_win.cc(131)] TransactNamedPipe: Ha terminado la canalización. (0x6D)
[1110/113452.878:ERROR:registration_protocol_win.cc(131)] TransactNamedPipe: Ha terminado la canalización. (0x6D)
[1110/113645.842:ERROR:registration_protocol_win.cc(131)] TransactNamedPipe: Ha terminado la canalización. (0x6D)
[1110/114056.216:ERROR:registration_protocol_win.cc(131)] TransactNamedPipe: Ha terminado la canalización. (0x6D)
[1110/140915.784:ERROR:registration_protocol_win.cc(131)] TransactNamedPipe: Ha terminado la canalización. (0x6D)
[1110/150235.639:ERROR:registration_protocol_win.cc(131)] TransactNamedPipe: Ha terminado la canalización. (0x6D)
[1110/151157.795:ERROR:registration_protocol_win.cc(131)] TransactNamedPipe: Ha terminado la canalización. (0x6D)
[1110/151704.459:ERROR:registration_protocol_win.cc(131)] TransactNamedPipe: Ha terminado la canalización. (0x6D)
[1110/152306.021:ERROR:registration_protocol_win.cc(131)] TransactNamedPipe: Ha terminado la canalización. (0x6D)
[1110/152504.703:ERROR:registration_protocol_win.cc(131)] TransactNamedPipe: Ha terminado la canalización. (0x6D)
[1110/153301.115:ERROR:registration_protocol_win.cc(131)] TransactNamedPipe: Ha terminado la canalización. (0x6D)
[1110/153527.880:ERROR:registration_protocol_win.cc(131)] TransactNamedPipe: Ha terminado la canalización. (0x6D)
[1110/154128.938:ERROR:registration_protocol_win.cc(131)] TransactNamedPipe: Ha terminado la canalización. (0x6D)
[1110/154335.212:ERROR:registration_protocol_win.cc(131)] TransactNamedPipe: Ha terminado la canalización. (0x6D)
[1110/154528.229:ERROR:registration_protocol_win.cc(131)] TransactNamedPipe: Ha terminado la canalización. (0x6D)
[1110/154722.492:ERROR:registration_protocol_win.cc(131)] TransactNamedPipe: Ha terminado la canalización. (0x6D)
[1110/154856.418:ERROR:registration_protocol_win.cc(131)] TransactNamedPipe: Ha terminado la canalización. (0x6D)
[1110/155028.935:ERROR:registration_protocol_win.cc(131)] TransactNamedPipe: Ha terminado la canalización. (0x6D)
[1110/155240.519:ERROR:registration_protocol_win.cc(131)] TransactNamedPipe: Ha terminado la canalización. (0x6D)
[1110/155441.157:ERROR:registration_protocol_win.cc(131)] TransactNamedPipe: Ha terminado la canalización. (0x6D)
[1110/155633.997:ERROR:registration_protocol_win.cc(131)] TransactNamedPipe: Ha terminado la canalización. (0x6D)
[1110/155825.193:ERROR:registration_protocol_win.cc(131)] TransactNamedPipe: Ha terminado la canalización. (0x6D)
[1110/160244.392:ERROR:registration_protocol_win.cc(131)] TransactNamedPipe: Ha terminado la canalización. (0x6D)
[1110/160624.759:ERROR:registration_protocol_win.cc(131)] TransactNamedPipe: Ha terminado la canalización. (0x6D)
[1110/161103.554:ERROR:registration_protocol_win.cc(131)] TransactNamedPipe: Ha terminado la canalización. (0x6D)
[1110/161446.549:ERROR:registration_protocol_win.cc(131)] TransactNamedPipe: Ha terminado la canalización. (0x6D)
[1111/153324.612:ERROR:registration_protocol_win.cc(131)] TransactNamedPipe: Ha terminado la canalización. (0x6D)
[1111/153524.094:ERROR:registration_protocol_win.cc(131)] TransactNamedPipe: Ha terminado la canalización. (0x6D)
[1111/153951.054:ERROR:registration_protocol_win.cc(131)] TransactNamedPipe: Ha terminado la canalización. (0x6D)
[1111/154137.251:ERROR:registration_protocol_win.cc(131)] TransactNamedPipe: Ha terminado la canalización. (0x6D)
[1111/154313.910:ERROR:registration_protocol_win.cc(131)] TransactNamedPipe: Ha terminado la canalización. (0x6D)
[1111/154431.621:ERROR:registration_protocol_win.cc(131)] TransactNamedPipe: Ha terminado la canalización. (0x6D)
[1111/154830.067:ERROR:registration_protocol_win.cc(131)] TransactNamedPipe: Ha terminado la canalización. (0x6D)
[1111/155452.475:ERROR:registration_protocol_win.cc(131)] TransactNamedPipe: Ha terminado la canalización. (0x6D)
[1111/155649.192:ERROR:registration_protocol_win.cc(131)] TransactNamedPipe: Ha terminado la canalización. (0x6D)
[1111/155844.594:ERROR:registration_protocol_win.cc(131)] TransactNamedPipe: Ha terminado la canalización. (0x6D)
[1111/160010.847:ERROR:registration_protocol_win.cc(131)] TransactNamedPipe: Ha terminado la canalización. (0x6D)
[1111/160141.575:ERROR:registration_protocol_win.cc(131)] TransactNamedPipe: Ha terminado la canalización. (0x6D)
[1111/160413.142:ERROR:registration_protocol_win.cc(131)] TransactNamedPipe: Ha terminado la canalización. (0x6D)
[1111/160843.639:ERROR:registration_protocol_win.cc(131)] TransactNamedPipe: Ha terminado la canalización. (0x6D)
[1111/162714.241:ERROR:registration_protocol_win.cc(131)] TransactNamedPipe: Ha terminado la canalización. (0x6D)
[1111/163128.876:ERROR:registration_protocol_win.cc(131)] TransactNamedPipe: Ha terminado la canalización. (0x6D)
[1111/163330.463:ERROR:registration_protocol_win.cc(131)] TransactNamedPipe: Ha terminado la canalización. (0x6D)
[1111/164004.906:ERROR:registration_protocol_win.cc(131)] TransactNamedPipe: Ha terminado la canalización. (0x6D)
[1111/164146.722:ERROR:registration_protocol_win.cc(131)] TransactNamedPipe: Ha terminado la canalización. (0x6D)
[1111/164748.852:ERROR:registration_protocol_win.cc(131)] TransactNamedPipe: Ha terminado la canalización. (0x6D)
[1111/165047.979:ERROR:registration_protocol_win.cc(131)] TransactNamedPipe: Ha terminado la canalización. (0x6D)
[1111/165203.698:ERROR:registration_protocol_win.cc(131)] TransactNamedPipe: Ha terminado la canalización. (0x6D)
[1111/170133.694:ERROR:registration_protocol_win.cc(131)] TransactNamedPipe: Ha terminado la canalización. (0x6D)
[1111/170317.327:ERROR:registration_protocol_win.cc(131)] TransactNamedPipe: Ha terminado la canalización. (0x6D)
[1111/170713.600:ERROR:registration_protocol_win.cc(131)] TransactNamedPipe: Ha terminado la canalización. (0x6D)
[1111/170944.848:ERROR:registration_protocol_win.cc(131)] TransactNamedPipe: Ha terminado la canalización. (0x6D)
[1111/172216.107:ERROR:exit_code_watcher_win.cc(87)] Failed to wait for process exit or stop event
[1111/172216.904:ERROR:registration_protocol_win.cc(131)] TransactNamedPipe: Ha terminado la canalización. (0x6D)
[1111/172446.253:ERROR:registration_protocol_win.cc(131)] TransactNamedPipe: Ha terminado la canalización. (0x6D)
[1111/172812.999:ERROR:registration_protocol_win.cc(131)] TransactNamedPipe: Ha terminado la canalización. (0x6D)
[1111/173017.472:ERROR:registration_protocol_win.cc(131)] TransactNamedPipe: Ha terminado la canalización. (0x6D)
[1111/173809.126:ERROR:registration_protocol_win.cc(131)] TransactNamedPipe: Ha terminado la canalización. (0x6D)
[1111/175253.461:ERROR:registration_protocol_win.cc(131)] TransactNamedPipe: Ha terminado la canalización. (0x6D)
[1111/181507.091:ERROR:registration_protocol_win.cc(131)] TransactNamedPipe: Ha terminado la canalización. (0x6D)
[1111/181703.021:ERROR:registration_protocol_win.cc(131)] TransactNamedPipe: Ha terminado la canalización. (0x6D)
[1112/131954.139:ERROR:registration_protocol_win.cc(131)] TransactNamedPipe: Ha terminado la canalización. (0x6D)
[1112/132119.872:ERROR:registration_protocol_win.cc(131)] TransactNamedPipe: Ha terminado la canalización. (0x6D)
[1112/235926.575:ERROR:registration_protocol_win.cc(131)] TransactNamedPipe: Ha terminado la canalización. (0x6D)
[1113/000058.187:ERROR:registration_protocol_win.cc(131)] TransactNamedPipe: Ha terminado la canalización. (0x6D)
[1113/000302.956:ERROR:registration_protocol_win.cc(131)] TransactNamedPipe: Ha terminado la canalización. (0x6D)
[1113/001058.491:ERROR:registration_protocol_win.cc(131)] TransactNamedPipe: Ha terminado la canalización. (0x6D)
[1113/001210.391:ERROR:registration_protocol_win.cc(131)] TransactNamedPipe: Ha terminado la canalización. (0x6D)
[1113/001846.180:ERROR:registration_protocol_win.cc(131)] TransactNamedPipe: Ha terminado la canalización. (0x6D)
[1113/002011.164:ERROR:registration_protocol_win.cc(131)] TransactNamedPipe: Ha terminado la canalización. (0x6D)
[1113/084107.676:ERROR:registration_protocol_win.cc(131)] TransactNamedPipe: Ha terminado la canalización. (0x6D)
[1113/084804.061:ERROR:registration_protocol_win.cc(131)] TransactNamedPipe: Ha terminado la canalización. (0x6D)
[1113/085245.664:ERROR:registration_protocol_win.cc(131)] TransactNamedPipe: Ha terminado la canalización. (0x6D)
[1113/085751.775:ERROR:registration_protocol_win.cc(131)] TransactNamedPipe: Ha terminado la canalización. (0x6D)
[1113/131208.734:ERROR:registration_protocol_win.cc(131)] TransactNamedPipe: Ha terminado la canalización. (0x6D)
[1113/131323.104:ERROR:registration_protocol_win.cc(131)] TransactNamedPipe: Ha terminado la canalización. (0x6D)
[1113/131512.752:ERROR:registration_protocol_win.cc(131)] TransactNamedPipe: Ha terminado la canalización. (0x6D)
[1113/132032.152:ERROR:registration_protocol_win.cc(131)] TransactNamedPipe: Ha terminado la canalización. (0x6D)
[1113/154223.014:ERROR:registration_protocol_win.cc(131)] TransactNamedPipe: Ha terminado la canalización. (0x6D)
[1113/154658.618:ERROR:registration_protocol_win.cc(131)] TransactNamedPipe: Ha terminado la canalización. (0x6D)
[0113/104356.760:ERROR:registration_protocol_win.cc(130)] TransactNamedPipe: Ha terminado la canalización. (0x6D)
[0113/104532.337:ERROR:registration_protocol_win.cc(130)] TransactNamedPipe: Ha terminado la canalización. (0x6D)
[0114/171141.641:ERROR:registration_protocol_win.cc(130)] TransactNamedPipe: Ha terminado la canalización. (0x6D)
[0114/172148.567:ERROR:registration_protocol_win.cc(130)] TransactNamedPipe: Ha terminado la canalización. (0x6D)
[0114/173318.585:ERROR:registration_protocol_win.cc(130)] TransactNamedPipe: Ha terminado la canalización. (0x6D)
[0114/173642.716:ERROR:registration_protocol_win.cc(130)] TransactNamedPipe: Ha terminado la canalización. (0x6D)
[0118/172316.397:ERROR:registration_protocol_win.cc(130)] TransactNamedPipe: Ha terminado la canalización. (0x6D)
[0119/091937.792:ERROR:registration_protocol_win.cc(130)] TransactNamedPipe: Ha terminado la canalización. (0x6D)
[0119/092022.632:ERROR:registration_protocol_win.cc(130)] TransactNamedPipe: Ha terminado la canalización. (0x6D)
[0119/094804.782:ERROR:registration_protocol_win.cc(130)] TransactNamedPipe: Ha terminado la canalización. (0x6D)
[0119/094847.645:ERROR:registration_protocol_win.cc(130)] TransactNamedPipe: Ha terminado la canalización. (0x6D)
[0119/095337.122:ERROR:registration_protocol_win.cc(130)] TransactNamedPipe: Ha terminado la canalización. (0x6D)
[0119/095419.079:ERROR:registration_protocol_win.cc(130)] TransactNamedPipe: Ha terminado la canalización. (0x6D)
[0119/100859.292:ERROR:registration_protocol_win.cc(130)] TransactNamedPipe: Ha terminado la canalización. (0x6D)
[0119/100933.687:ERROR:registration_protocol_win.cc(130)] TransactNamedPipe: Ha terminado la canalización. (0x6D)
[0119/101541.720:ERROR:registration_protocol_win.cc(130)] TransactNamedPipe: Ha terminado la canalización. (0x6D)
[0119/101626.390:ERROR:registration_protocol_win.cc(130)] TransactNamedPipe: Ha terminado la canalización. (0x6D)
[0119/130820.770:ERROR:registration_protocol_win.cc(130)] TransactNamedPipe: Ha terminado la canalización. (0x6D)
[0119/130905.867:ERROR:registration_protocol_win.cc(130)] TransactNamedPipe: Ha terminado la canalización. (0x6D)
[0119/170213.581:ERROR:registration_protocol_win.cc(130)] TransactNamedPipe: Ha terminado la canalización. (0x6D)
[0119/170326.073:ERROR:registration_protocol_win.cc(130)] TransactNamedPipe: Ha terminado la canalización. (0x6D)
[0119/170521.033:ERROR:registration_protocol_win.cc(130)] TransactNamedPipe: Ha terminado la canalización. (0x6D)
[0119/170602.205:ERROR:registration_protocol_win.cc(130)] TransactNamedPipe: Ha terminado la canalización. (0x6D)
[0119/170825.661:ERROR:registration_protocol_win.cc(130)] TransactNamedPipe: Ha terminado la canalización. (0x6D)
[0119/171956.770:ERROR:registration_protocol_win.cc(130)] TransactNamedPipe: Ha terminado la canalización. (0x6D)
[0119/172055.615:ERROR:registration_protocol_win.cc(130)] TransactNamedPipe: Ha terminado la canalización. (0x6D)
[0119/172904.477:ERROR:registration_protocol_win.cc(130)] TransactNamedPipe: Ha terminado la canalización. (0x6D)
[0119/173007.464:ERROR:registration_protocol_win.cc(130)] TransactNamedPipe: Ha terminado la canalización. (0x6D)
[0119/173308.771:ERROR:registration_protocol_win.cc(130)] TransactNamedPipe: Ha terminado la canalización. (0x6D)
[0119/175515.681:ERROR:registration_protocol_win.cc(130)] TransactNamedPipe: Ha terminado la canalización. (0x6D)
[0119/175638.518:ERROR:registration_protocol_win.cc(130)] TransactNamedPipe: Ha terminado la canalización. (0x6D)
[0119/175734.886:ERROR:registration_protocol_win.cc(130)] TransactNamedPipe: Ha terminado la canalización. (0x6D)
[0120/092644.759:ERROR:registration_protocol_win.cc(130)] TransactNamedPipe: Ha terminado la canalización. (0x6D)
[0120/092731.603:ERROR:registration_protocol_win.cc(130)] TransactNamedPipe: Ha terminado la canalización. (0x6D)
[0120/094455.752:ERROR:registration_protocol_win.cc(130)] TransactNamedPipe: Ha terminado la canalización. (0x6D)
[0120/094530.231:ERROR:registration_protocol_win.cc(130)] TransactNamedPipe: Ha terminado la canalización. (0x6D)
[0120/095112.278:ERROR:registration_protocol_win.cc(130)] TransactNamedPipe: Ha terminado la canalización. (0x6D)
[0120/095148.551:ERROR:registration_protocol_win.cc(130)] TransactNamedPipe: Ha terminado la canalización. (0x6D)
[0120/095156.323:ERROR:registration_protocol_win.cc(130)] TransactNamedPipe: Ha terminado la canalización. (0x6D)
[0120/100025.066:ERROR:registration_protocol_win.cc(130)] TransactNamedPipe: Ha terminado la canalización. (0x6D)
[0120/100103.540:ERROR:registration_protocol_win.cc(130)] TransactNamedPipe: Ha terminado la canalización. (0x6D)
[0120/120037.225:ERROR:registration_protocol_win.cc(130)] TransactNamedPipe: Ha terminado la canalización. (0x6D)
[0120/120135.894:ERROR:registration_protocol_win.cc(130)] TransactNamedPipe: Ha terminado la canalización. (0x6D)
[0120/124152.287:ERROR:registration_protocol_win.cc(130)] TransactNamedPipe: Ha terminado la canalización. (0x6D)
[0120/124306.986:ERROR:registration_protocol_win.cc(130)] TransactNamedPipe: Ha terminado la canalización. (0x6D)
[0120/124408.593:ERROR:registration_protocol_win.cc(130)] TransactNamedPipe: Ha terminado la canalización. (0x6D)
[0120/124444.187:ERROR:registration_protocol_win.cc(130)] TransactNamedPipe: Ha terminado la canalización. (0x6D)
[0120/124451.108:ERROR:registration_protocol_win.cc(130)] TransactNamedPipe: Ha terminado la canalización. (0x6D)
[0120/131300.786:ERROR:registration_protocol_win.cc(130)] TransactNamedPipe: Ha terminado la canalización. (0x6D)
[0120/131342.586:ERROR:registration_protocol_win.cc(130)] TransactNamedPipe: Ha terminado la canalización. (0x6D)
[0120/134601.750:ERROR:registration_protocol_win.cc(130)] TransactNamedPipe: Ha terminado la canalización. (0x6D)
[0120/134640.178:ERROR:registration_protocol_win.cc(130)] TransactNamedPipe: Ha terminado la canalización. (0x6D)
[0120/134752.694:ERROR:registration_protocol_win.cc(130)] TransactNamedPipe: Ha terminado la canalización. (0x6D)
[0120/134945.797:ERROR:registration_protocol_win.cc(130)] TransactNamedPipe: Ha terminado la canalización. (0x6D)
[0120/140010.361:ERROR:exit_code_watcher_win.cc(87)] Failed to wait for process exit or stop event
[0120/140014.461:ERROR:registration_protocol_win.cc(130)] TransactNamedPipe: Ha terminado la canalización. (0x6D)
[0120/140020.172:ERROR:registration_protocol_win.cc(130)] TransactNamedPipe: Ha terminado la canalización. (0x6D)
[0120/141939.548:ERROR:registration_protocol_win.cc(130)] TransactNamedPipe: Ha terminado la canalización. (0x6D)
[0120/142113.587:ERROR:registration_protocol_win.cc(130)] TransactNamedPipe: Ha terminado la canalización. (0x6D)
[0120/142222.251:ERROR:registration_protocol_win.cc(130)] TransactNamedPipe: Ha terminado la canalización. (0x6D)
[0120/151117.849:ERROR:registration_protocol_win.cc(130)] TransactNamedPipe: Ha terminado la canalización. (0x6D)
[0120/151219.966:ERROR:registration_protocol_win.cc(130)] TransactNamedPipe: Ha terminado la canalización. (0x6D)
[0120/152259.516:ERROR:registration_protocol_win.cc(130)] TransactNamedPipe: Ha terminado la canalización. (0x6D)
[0120/152443.647:ERROR:registration_protocol_win.cc(130)] TransactNamedPipe: Ha terminado la canalización. (0x6D)
[0120/152824.839:ERROR:registration_protocol_win.cc(130)] TransactNamedPipe: Ha terminado la canalización. (0x6D)
[0120/153854.405:ERROR:registration_protocol_win.cc(130)] TransactNamedPipe: Ha terminado la canalización. (0x6D)
[0120/154040.970:ERROR:registration_protocol_win.cc(130)] TransactNamedPipe: Ha terminado la canalización. (0x6D)
[0120/155136.911:ERROR:registration_protocol_win.cc(130)] TransactNamedPipe: Ha terminado la canalización. (0x6D)
[0120/155221.794:ERROR:registration_protocol_win.cc(130)] TransactNamedPipe: Ha terminado la canalización. (0x6D)
[0120/155816.604:ERROR:registration_protocol_win.cc(130)] TransactNamedPipe: Ha terminado la canalización. (0x6D)
[0120/155924.510:ERROR:registration_protocol_win.cc(130)] TransactNamedPipe: Ha terminado la canalización. (0x6D)
[0122/122640.496:ERROR:registration_protocol_win.cc(130)] TransactNamedPipe: Ha terminado la canalización. (0x6D)
[0122/122831.862:ERROR:registration_protocol_win.cc(130)] TransactNamedPipe: Ha terminado la canalización. (0x6D)
[0122/124037.437:ERROR:registration_protocol_win.cc(130)] TransactNamedPipe: Ha terminado la canalización. (0x6D)
[0122/130646.558:ERROR:registration_protocol_win.cc(130)] TransactNamedPipe: Ha terminado la canalización. (0x6D)
[0122/131053.047:ERROR:registration_protocol_win.cc(130)] TransactNamedPipe: Ha terminado la canalización. (0x6D)
[0122/131703.657:ERROR:registration_protocol_win.cc(130)] TransactNamedPipe: Ha terminado la canalización. (0x6D)
[0122/133124.975:ERROR:registration_protocol_win.cc(130)] TransactNamedPipe: Ha terminado la canalización. (0x6D)
[0122/133459.735:ERROR:registration_protocol_win.cc(130)] TransactNamedPipe: Ha terminado la canalización. (0x6D)
[0122/134523.429:ERROR:registration_protocol_win.cc(130)] TransactNamedPipe: Ha terminado la canalización. (0x6D)
[0122/170746.891:ERROR:registration_protocol_win.cc(130)] TransactNamedPipe: Ha terminado la canalización. (0x6D)
[0122/171737.607:ERROR:registration_protocol_win.cc(130)] TransactNamedPipe: Ha terminado la canalización. (0x6D)
[0122/172621.202:ERROR:registration_protocol_win.cc(130)] TransactNamedPipe: Ha terminado la canalización. (0x6D)
[0122/174358.497:ERROR:registration_protocol_win.cc(130)] TransactNamedPipe: Ha terminado la canalización. (0x6D)
[0122/174526.778:ERROR:registration_protocol_win.cc(130)] TransactNamedPipe: Ha terminado la canalización. (0x6D)
[0122/180553.769:ERROR:registration_protocol_win.cc(130)] TransactNamedPipe: Ha terminado la canalización. (0x6D)
[0122/181217.468:ERROR:registration_protocol_win.cc(130)] TransactNamedPipe: Ha terminado la canalización. (0x6D)
[0122/181553.224:ERROR:registration_protocol_win.cc(130)] TransactNamedPipe: Ha terminado la canalización. (0x6D)
[0122/181935.457:ERROR:registration_protocol_win.cc(130)] TransactNamedPipe: Ha terminado la canalización. (0x6D)
[0122/182716.332:ERROR:registration_protocol_win.cc(130)] TransactNamedPipe: Ha terminado la canalización. (0x6D)
[0122/185844.908:ERROR:registration_protocol_win.cc(130)] TransactNamedPipe: Ha terminado la canalización. (0x6D)
[0122/191130.176:ERROR:registration_protocol_win.cc(130)] TransactNamedPipe: Ha terminado la canalización. (0x6D)
[0122/192216.191:ERROR:registration_protocol_win.cc(130)] TransactNamedPipe: Ha terminado la canalización. (0x6D)
[0125/145210.412:ERROR:registration_protocol_win.cc(130)] TransactNamedPipe: Ha terminado la canalización. (0x6D)
[0125/153138.523:ERROR:registration_protocol_win.cc(130)] TransactNamedPipe: Ha terminado la canalización. (0x6D)
[0125/153255.846:ERROR:exit_code_watcher_win.cc(87)] Failed to wait for process exit or stop event
[0125/153256.139:ERROR:registration_protocol_win.cc(130)] TransactNamedPipe: Ha terminado la canalización. (0x6D)
[0125/165408.442:ERROR:registration_protocol_win.cc(130)] TransactNamedPipe: Ha terminado la canalización. (0x6D)
[0125/165555.725:ERROR:registration_protocol_win.cc(130)] TransactNamedPipe: Ha terminado la canalización. (0x6D)
[0125/171739.769:ERROR:registration_protocol_win.cc(130)] TransactNamedPipe: Ha terminado la canalización. (0x6D)
[0125/172750.083:ERROR:registration_protocol_win.cc(130)] TransactNamedPipe: Ha terminado la canalización. (0x6D)
[0125/173150.900:ERROR:registration_protocol_win.cc(130)] TransactNamedPipe: Ha terminado la canalización. (0x6D)
[0125/173240.465:ERROR:registration_protocol_win.cc(130)] TransactNamedPipe: Ha terminado la canalización. (0x6D)
[0125/173513.139:ERROR:registration_protocol_win.cc(130)] TransactNamedPipe: Ha terminado la canalización. (0x6D)
[0125/173718.445:ERROR:registration_protocol_win.cc(130)] TransactNamedPipe: Ha terminado la canalización. (0x6D)
[0125/174145.103:ERROR:registration_protocol_win.cc(130)] TransactNamedPipe: Ha terminado la canalización. (0x6D)
[0125/174343.942:ERROR:registration_protocol_win.cc(130)] TransactNamedPipe: Ha terminado la canalización. (0x6D)
[0126/094414.234:ERROR:registration_protocol_win.cc(130)] TransactNamedPipe: Ha terminado la canalización. (0x6D)
[0126/094734.438:ERROR:registration_protocol_win.cc(130)] TransactNamedPipe: Ha terminado la canalización. (0x6D)
[0126/095156.071:ERROR:registration_protocol_win.cc(130)] TransactNamedPipe: Ha terminado la canalización. (0x6D)
[0126/101501.062:ERROR:registration_protocol_win.cc(130)] TransactNamedPipe: Ha terminado la canalización. (0x6D)
[0126/104644.156:ERROR:registration_protocol_win.cc(130)] TransactNamedPipe: Ha terminado la canalización. (0x6D)
[0126/104841.238:ERROR:registration_protocol_win.cc(130)] TransactNamedPipe: Ha terminado la canalización. (0x6D)
[0126/105047.934:ERROR:registration_protocol_win.cc(130)] TransactNamedPipe: Ha terminado la canalización. (0x6D)
[0126/105300.912:ERROR:registration_protocol_win.cc(130)] TransactNamedPipe: Ha terminado la canalización. (0x6D)
[0126/105531.210:ERROR:registration_protocol_win.cc(130)] TransactNamedPipe: Ha terminado la canalización. (0x6D)
[0126/105702.705:ERROR:registration_protocol_win.cc(130)] TransactNamedPipe: Ha terminado la canalización. (0x6D)
[0126/110518.867:ERROR:registration_protocol_win.cc(130)] TransactNamedPipe: Ha terminado la canalización. (0x6D)
[0126/110607.182:ERROR:registration_protocol_win.cc(130)] TransactNamedPipe: Ha terminado la canalización. (0x6D)
[0126/121244.036:ERROR:registration_protocol_win.cc(130)] TransactNamedPipe: Ha terminado la canalización. (0x6D)
[0126/164015.705:ERROR:registration_protocol_win.cc(130)] TransactNamedPipe: Ha terminado la canalización. (0x6D)
[0126/164321.598:ERROR:registration_protocol_win.cc(130)] TransactNamedPipe: Ha terminado la canalización. (0x6D)
[0126/164621.365:ERROR:registration_protocol_win.cc(130)] TransactNamedPipe: Ha terminado la canalización. (0x6D)
[0126/164908.282:ERROR:registration_protocol_win.cc(130)] TransactNamedPipe: Ha terminado la canalización. (0x6D)
[0126/165059.740:ERROR:registration_protocol_win.cc(130)] TransactNamedPipe: Ha terminado la canalización. (0x6D)
[0126/165304.680:ERROR:registration_protocol_win.cc(130)] TransactNamedPipe: Ha terminado la canalización. (0x6D)
[0126/165349.644:ERROR:registration_protocol_win.cc(130)] TransactNamedPipe: Ha terminado la canalización. (0x6D)
[0126/165809.282:ERROR:registration_protocol_win.cc(130)] TransactNamedPipe: Ha terminado la canalización. (0x6D)
[0126/170018.054:ERROR:registration_protocol_win.cc(130)] TransactNamedPipe: Ha terminado la canalización. (0x6D)
[0126/170452.544:ERROR:registration_protocol_win.cc(130)] TransactNamedPipe: Ha terminado la canalización. (0x6D)
[0126/170646.976:ERROR:registration_protocol_win.cc(130)] TransactNamedPipe: Ha terminado la canalización. (0x6D)
[0126/170942.744:ERROR:registration_protocol_win.cc(130)] TransactNamedPipe: Ha terminado la canalización. (0x6D)
[0127/093257.366:ERROR:registration_protocol_win.cc(130)] TransactNamedPipe: Ha terminado la canalización. (0x6D)
[0127/095029.545:ERROR:registration_protocol_win.cc(130)] TransactNamedPipe: Ha terminado la canalización. (0x6D)
[0127/095444.737:ERROR:registration_protocol_win.cc(130)] TransactNamedPipe: Ha terminado la canalización. (0x6D)
[0127/095643.117:ERROR:registration_protocol_win.cc(130)] TransactNamedPipe: Ha terminado la canalización. (0x6D)
[0127/100845.370:ERROR:registration_protocol_win.cc(130)] TransactNamedPipe: Ha terminado la canalización. (0x6D)
[0127/101031.261:ERROR:registration_protocol_win.cc(130)] TransactNamedPipe: Ha terminado la canalización. (0x6D)
[0127/101206.708:ERROR:registration_protocol_win.cc(130)] TransactNamedPipe: Ha terminado la canalización. (0x6D)
[0127/102513.668:ERROR:registration_protocol_win.cc(130)] TransactNamedPipe: Ha terminado la canalización. (0x6D)
[0127/102631.205:ERROR:registration_protocol_win.cc(130)] TransactNamedPipe: Ha terminado la canalización. (0x6D)
[0127/103751.410:ERROR:registration_protocol_win.cc(130)] TransactNamedPipe: Ha terminado la canalización. (0x6D)
[0127/103927.135:ERROR:registration_protocol_win.cc(130)] TransactNamedPipe: Ha terminado la canalización. (0x6D)
[0127/104024.668:ERROR:registration_protocol_win.cc(130)] TransactNamedPipe: Ha terminado la canalización. (0x6D)
[0127/104122.302:ERROR:registration_protocol_win.cc(130)] TransactNamedPipe: Ha terminado la canalización. (0x6D)
[0127/104240.732:ERROR:registration_protocol_win.cc(130)] TransactNamedPipe: Ha terminado la canalización. (0x6D)
[0127/105217.462:ERROR:registration_protocol_win.cc(130)] TransactNamedPipe: Ha terminado la canalización. (0x6D)
[0127/105400.308:ERROR:registration_protocol_win.cc(130)] TransactNamedPipe: Ha terminado la canalización. (0x6D)
[0127/112026.550:ERROR:registration_protocol_win.cc(130)] TransactNamedPipe: Ha terminado la canalización. (0x6D)
[0127/112153.338:ERROR:registration_protocol_win.cc(130)] TransactNamedPipe: Ha terminado la canalización. (0x6D)
[0127/112729.195:ERROR:registration_protocol_win.cc(130)] TransactNamedPipe: Ha terminado la canalización. (0x6D)
[0127/112827.437:ERROR:registration_protocol_win.cc(130)] TransactNamedPipe: Ha terminado la canalización. (0x6D)
[0127/113718.761:ERROR:registration_protocol_win.cc(130)] TransactNamedPipe: Ha terminado la canalización. (0x6D)
[0127/113824.333:ERROR:registration_protocol_win.cc(130)] TransactNamedPipe: Ha terminado la canalización. (0x6D)
[0127/143217.376:ERROR:registration_protocol_win.cc(130)] TransactNamedPipe: Ha terminado la canalización. (0x6D)
[0127/154447.352:ERROR:registration_protocol_win.cc(130)] TransactNamedPipe: Ha terminado la canalización. (0x6D)
[0128/122323.127:ERROR:registration_protocol_win.cc(130)] TransactNamedPipe: Ha terminado la canalización. (0x6D)
[0129/115803.120:ERROR:registration_protocol_win.cc(130)] TransactNamedPipe: Ha terminado la canalización. (0x6D)
[0129/120944.993:ERROR:registration_protocol_win.cc(130)] TransactNamedPipe: Ha terminado la canalización. (0x6D)
[0129/121455.152:ERROR:registration_protocol_win.cc(130)] TransactNamedPipe: Ha terminado la canalización. (0x6D)
[0129/122452.581:ERROR:registration_protocol_win.cc(130)] TransactNamedPipe: Ha terminado la canalización. (0x6D)
[0129/125813.796:ERROR:registration_protocol_win.cc(130)] TransactNamedPipe: Ha terminado la canalización. (0x6D)
[0129/125933.066:ERROR:registration_protocol_win.cc(130)] TransactNamedPipe: Ha terminado la canalización. (0x6D)
[0129/130155.716:ERROR:registration_protocol_win.cc(130)] TransactNamedPipe: Ha terminado la canalización. (0x6D)
[0129/142300.818:ERROR:registration_protocol_win.cc(130)] TransactNamedPipe: Ha terminado la canalización. (0x6D)
[0129/142528.163:ERROR:registration_protocol_win.cc(130)] TransactNamedPipe: Ha terminado la canalización. (0x6D)
[0129/143456.650:ERROR:registration_protocol_win.cc(130)] TransactNamedPipe: Ha terminado la canalización. (0x6D)
[0129/143556.638:ERROR:registration_protocol_win.cc(130)] TransactNamedPipe: Ha terminado la canalización. (0x6D)
[0129/144400.798:ERROR:registration_protocol_win.cc(130)] TransactNamedPipe: Ha terminado la canalización. (0x6D)
[0129/144815.542:ERROR:registration_protocol_win.cc(130)] TransactNamedPipe: Ha terminado la canalización. (0x6D)
[0129/145029.740:ERROR:registration_protocol_win.cc(130)] TransactNamedPipe: Ha terminado la canalización. (0x6D)
[0129/145257.540:ERROR:registration_protocol_win.cc(130)] TransactNamedPipe: Ha terminado la canalización. (0x6D)
[0201/154604.759:ERROR:registration_protocol_win.cc(130)] TransactNamedPipe: Ha terminado la canalización. (0x6D)
[0201/160810.330:ERROR:registration_protocol_win.cc(130)] TransactNamedPipe: Ha terminado la canalización. (0x6D)
[0201/161136.935:ERROR:registration_protocol_win.cc(130)] TransactNamedPipe: Ha terminado la canalización. (0x6D)
[0201/161600.372:ERROR:registration_protocol_win.cc(130)] TransactNamedPipe: Ha terminado la canalización. (0x6D)
[0201/162107.274:ERROR:registration_protocol_win.cc(130)] TransactNamedPipe: Ha terminado la canalización. (0x6D)
[0201/171505.146:ERROR:registration_protocol_win.cc(130)] TransactNamedPipe: Ha terminado la canalización. (0x6D)
[0201/171754.477:ERROR:registration_protocol_win.cc(130)] TransactNamedPipe: Ha terminado la canalización. (0x6D)
[0201/172257.219:ERROR:registration_protocol_win.cc(130)] TransactNamedPipe: Ha terminado la canalización. (0x6D)
[0202/102028.394:ERROR:registration_protocol_win.cc(130)] TransactNamedPipe: Ha terminado la canalización. (0x6D)
[0202/103239.431:ERROR:registration_protocol_win.cc(130)] TransactNamedPipe: Ha terminado la canalización. (0x6D)
[0202/103930.658:ERROR:registration_protocol_win.cc(130)] TransactNamedPipe: Ha terminado la canalización. (0x6D)
[0202/104803.755:ERROR:registration_protocol_win.cc(130)] TransactNamedPipe: Ha terminado la canalización. (0x6D)
[0202/110204.737:ERROR:registration_protocol_win.cc(130)] TransactNamedPipe: Ha terminado la canalización. (0x6D)
[0202/110927.361:ERROR:registration_protocol_win.cc(130)] TransactNamedPipe: Ha terminado la canalización. (0x6D)
[0202/112912.193:ERROR:registration_protocol_win.cc(130)] TransactNamedPipe: Ha terminado la canalización. (0x6D)
[0202/113748.762:ERROR:registration_protocol_win.cc(130)] TransactNamedPipe: Ha terminado la canalización. (0x6D)
[0202/114750.528:ERROR:registration_protocol_win.cc(130)] TransactNamedPipe: Ha terminado la canalización. (0x6D)
[0202/115317.680:ERROR:registration_protocol_win.cc(130)] TransactNamedPipe: Ha terminado la canalización. (0x6D)
[0202/120202.043:ERROR:registration_protocol_win.cc(130)] TransactNamedPipe: Ha terminado la canalización. (0x6D)
[0202/120623.149:ERROR:registration_protocol_win.cc(130)] TransactNamedPipe: Ha terminado la canalización. (0x6D)
[0202/121118.513:ERROR:registration_protocol_win.cc(130)] TransactNamedPipe: Ha terminado la canalización. (0x6D)
[0202/134427.071:ERROR:registration_protocol_win.cc(130)] TransactNamedPipe: Ha terminado la canalización. (0x6D)
[0202/135422.060:ERROR:registration_protocol_win.cc(130)] TransactNamedPipe: Ha terminado la canalización. (0x6D)
[0202/140112.689:ERROR:registration_protocol_win.cc(130)] TransactNamedPipe: Ha terminado la canalización. (0x6D)
[0202/141404.318:ERROR:registration_protocol_win.cc(130)] TransactNamedPipe: Ha terminado la canalización. (0x6D)
[0202/142256.712:ERROR:registration_protocol_win.cc(130)] TransactNamedPipe: Ha terminado la canalización. (0x6D)
[0202/165703.154:ERROR:registration_protocol_win.cc(130)] TransactNamedPipe: Ha terminado la canalización. (0x6D)
[0203/103956.093:ERROR:registration_protocol_win.cc(130)] TransactNamedPipe: Ha terminado la canalización. (0x6D)
[0203/105719.801:ERROR:registration_protocol_win.cc(130)] TransactNamedPipe: Ha terminado la canalización. (0x6D)
[0203/110020.569:ERROR:registration_protocol_win.cc(130)] TransactNamedPipe: Ha terminado la canalización. (0x6D)
[0203/110956.804:ERROR:registration_protocol_win.cc(130)] TransactNamedPipe: Ha terminado la canalización. (0x6D)
[0203/111136.830:ERROR:registration_protocol_win.cc(130)] TransactNamedPipe: Ha terminado la canalización. (0x6D)
[0203/111819.345:ERROR:registration_protocol_win.cc(130)] TransactNamedPipe: Ha terminado la canalización. (0x6D)
[0203/111935.429:ERROR:registration_protocol_win.cc(130)] TransactNamedPipe: Ha terminado la canalización. (0x6D)
[0203/112208.718:ERROR:registration_protocol_win.cc(130)] TransactNamedPipe: Ha terminado la canalización. (0x6D)
[0203/112517.120:ERROR:registration_protocol_win.cc(130)] TransactNamedPipe: Ha terminado la canalización. (0x6D)
[0203/113059.949:ERROR:registration_protocol_win.cc(130)] TransactNamedPipe: Ha terminado la canalización. (0x6D)
[0203/114001.186:ERROR:registration_protocol_win.cc(130)] TransactNamedPipe: Ha terminado la canalización. (0x6D)
[0203/115650.926:ERROR:registration_protocol_win.cc(130)] TransactNamedPipe: Ha terminado la canalización. (0x6D)
[0203/115948.556:ERROR:registration_protocol_win.cc(130)] TransactNamedPipe: Ha terminado la canalización. (0x6D)
[0203/120712.695:ERROR:registration_protocol_win.cc(130)] TransactNamedPipe: Ha terminado la canalización. (0x6D)
[0203/123801.714:ERROR:registration_protocol_win.cc(130)] TransactNamedPipe: Ha terminado la canalización. (0x6D)
[0203/124532.797:ERROR:registration_protocol_win.cc(130)] TransactNamedPipe: Ha terminado la canalización. (0x6D)
[0203/125046.466:ERROR:registration_protocol_win.cc(130)] TransactNamedPipe: Ha terminado la canalización. (0x6D)
[0203/130427.051:ERROR:registration_protocol_win.cc(130)] TransactNamedPipe: Ha terminado la canalización. (0x6D)
[0203/133432.507:ERROR:registration_protocol_win.cc(130)] TransactNamedPipe: Ha terminado la canalización. (0x6D)
[0203/141836.914:ERROR:registration_protocol_win.cc(130)] TransactNamedPipe: Ha terminado la canalización. (0x6D)
[0203/142023.155:ERROR:registration_protocol_win.cc(130)] TransactNamedPipe: Ha terminado la canalización. (0x6D)
[0203/142930.706:ERROR:registration_protocol_win.cc(130)] TransactNamedPipe: Ha terminado la canalización. (0x6D)
[0203/143244.180:ERROR:registration_protocol_win.cc(130)] TransactNamedPipe: Ha terminado la canalización. (0x6D)
[0203/143700.595:ERROR:registration_protocol_win.cc(130)] TransactNamedPipe: Ha terminado la canalización. (0x6D)
[0203/144154.636:ERROR:registration_protocol_win.cc(130)] TransactNamedPipe: Ha terminado la canalización. (0x6D)
[0203/145522.285:ERROR:registration_protocol_win.cc(130)] TransactNamedPipe: Ha terminado la canalización. (0x6D)
[0203/145813.971:ERROR:registration_protocol_win.cc(130)] TransactNamedPipe: Ha terminado la canalización. (0x6D)
[0203/150306.480:ERROR:registration_protocol_win.cc(130)] TransactNamedPipe: Ha terminado la canalización. (0x6D)
[0203/155138.071:ERROR:registration_protocol_win.cc(130)] TransactNamedPipe: Ha terminado la canalización. (0x6D)
[0204/094930.414:ERROR:registration_protocol_win.cc(130)] TransactNamedPipe: Ha terminado la canalización. (0x6D)
[0204/095737.673:ERROR:registration_protocol_win.cc(130)] TransactNamedPipe: Ha terminado la canalización. (0x6D)
[0204/100320.455:ERROR:registration_protocol_win.cc(130)] TransactNamedPipe: Ha terminado la canalización. (0x6D)
[0204/100527.888:ERROR:registration_protocol_win.cc(130)] TransactNamedPipe: Ha terminado la canalización. (0x6D)
[0204/100702.771:ERROR:registration_protocol_win.cc(130)] TransactNamedPipe: Ha terminado la canalización. (0x6D)
[0204/104106.517:ERROR:registration_protocol_win.cc(130)] TransactNamedPipe: Ha terminado la canalización. (0x6D)
[0204/105000.689:ERROR:registration_protocol_win.cc(130)] TransactNamedPipe: Ha terminado la canalización. (0x6D)
[0204/110058.848:ERROR:registration_protocol_win.cc(130)] TransactNamedPipe: Ha terminado la canalización. (0x6D)
[0204/110428.327:ERROR:registration_protocol_win.cc(130)] TransactNamedPipe: Ha terminado la canalización. (0x6D)
[0204/110543.793:ERROR:registration_protocol_win.cc(130)] TransactNamedPipe: Ha terminado la canalización. (0x6D)
[0204/111016.359:ERROR:registration_protocol_win.cc(130)] TransactNamedPipe: Ha terminado la canalización. (0x6D)
[0204/112206.296:ERROR:registration_protocol_win.cc(130)] TransactNamedPipe: Ha terminado la canalización. (0x6D)
[0204/112607.661:ERROR:registration_protocol_win.cc(130)] TransactNamedPipe: Ha terminado la canalización. (0x6D)
[0204/112719.173:ERROR:registration_protocol_win.cc(130)] TransactNamedPipe: Ha terminado la canalización. (0x6D)
[0204/113003.474:ERROR:registration_protocol_win.cc(130)] TransactNamedPipe: Ha terminado la canalización. (0x6D)
[0204/113159.619:ERROR:registration_protocol_win.cc(130)] TransactNamedPipe: Ha terminado la canalización. (0x6D)
[0204/113952.783:ERROR:registration_protocol_win.cc(130)] TransactNamedPipe: Ha terminado la canalización. (0x6D)
[0204/115433.162:ERROR:registration_protocol_win.cc(130)] TransactNamedPipe: Ha terminado la canalización. (0x6D)
[0204/115844.278:ERROR:registration_protocol_win.cc(130)] TransactNamedPipe: Ha terminado la canalización. (0x6D)
[0204/120106.128:ERROR:registration_protocol_win.cc(130)] TransactNamedPipe: Ha terminado la canalización. (0x6D)
[0204/125856.855:ERROR:registration_protocol_win.cc(130)] TransactNamedPipe: Ha terminado la canalización. (0x6D)
[0204/134106.935:ERROR:registration_protocol_win.cc(130)] TransactNamedPipe: Ha terminado la canalización. (0x6D)
[0204/134245.299:ERROR:registration_protocol_win.cc(130)] TransactNamedPipe: Ha terminado la canalización. (0x6D)
[0204/134513.041:ERROR:registration_protocol_win.cc(130)] TransactNamedPipe: Ha terminado la canalización. (0x6D)
[0204/153958.627:ERROR:registration_protocol_win.cc(130)] TransactNamedPipe: Ha terminado la canalización. (0x6D)
[0204/154557.490:ERROR:registration_protocol_win.cc(130)] TransactNamedPipe: Ha terminado la canalización. (0x6D)
[0205/092223.870:ERROR:registration_protocol_win.cc(130)] TransactNamedPipe: Ha terminado la canalización. (0x6D)
[0205/094240.109:ERROR:registration_protocol_win.cc(130)] TransactNamedPipe: Ha terminado la canalización. (0x6D)
[0205/094413.411:ERROR:registration_protocol_win.cc(130)] TransactNamedPipe: Ha terminado la canalización. (0x6D)
[0205/100729.211:ERROR:registration_protocol_win.cc(130)] TransactNamedPipe: Ha terminado la canalización. (0x6D)
[0205/100844.472:ERROR:registration_protocol_win.cc(130)] TransactNamedPipe: Ha terminado la canalización. (0x6D)
[0205/104643.899:ERROR:registration_protocol_win.cc(130)] TransactNamedPipe: Ha terminado la canalización. (0x6D)
[0205/105756.520:ERROR:registration_protocol_win.cc(130)] TransactNamedPipe: Ha terminado la canalización. (0x6D)
[0205/105948.330:ERROR:registration_protocol_win.cc(130)] TransactNamedPipe: Ha terminado la canalización. (0x6D)
[0205/110118.199:ERROR:registration_protocol_win.cc(130)] TransactNamedPipe: Ha terminado la canalización. (0x6D)
[0205/113415.352:ERROR:registration_protocol_win.cc(130)] TransactNamedPipe: Ha terminado la canalización. (0x6D)
[0205/113529.058:ERROR:registration_protocol_win.cc(130)] TransactNamedPipe: Ha terminado la canalización. (0x6D)
[0205/114646.603:ERROR:registration_protocol_win.cc(130)] TransactNamedPipe: Ha terminado la canalización. (0x6D)
[0205/114843.531:ERROR:registration_protocol_win.cc(130)] TransactNamedPipe: Ha terminado la canalización. (0x6D)
[0205/115024.166:ERROR:registration_protocol_win.cc(130)] TransactNamedPipe: Ha terminado la canalización. (0x6D)
[0205/115343.509:ERROR:registration_protocol_win.cc(130)] TransactNamedPipe: Ha terminado la canalización. (0x6D)
[0205/144724.054:ERROR:registration_protocol_win.cc(130)] TransactNamedPipe: Ha terminado la canalización. (0x6D)
[0205/153000.290:ERROR:registration_protocol_win.cc(130)] TransactNamedPipe: Ha terminado la canalización. (0x6D)
[0205/153320.370:ERROR:registration_protocol_win.cc(130)] TransactNamedPipe: Ha terminado la canalización. (0x6D)
[0205/160507.659:ERROR:registration_protocol_win.cc(130)] TransactNamedPipe: Ha terminado la canalización. (0x6D)
[0205/160849.998:ERROR:registration_protocol_win.cc(130)] TransactNamedPipe: Ha terminado la canalización. (0x6D)
[0205/160943.979:ERROR:registration_protocol_win.cc(130)] TransactNamedPipe: Ha terminado la canalización. (0x6D)
[0205/161058.740:ERROR:registration_protocol_win.cc(130)] TransactNamedPipe: Ha terminado la canalización. (0x6D)
[0205/163358.445:ERROR:registration_protocol_win.cc(130)] TransactNamedPipe: Ha terminado la canalización. (0x6D)
[0205/164133.370:ERROR:registration_protocol_win.cc(130)] TransactNamedPipe: Ha terminado la canalización. (0x6D)
[0205/164344.111:ERROR:registration_protocol_win.cc(130)] TransactNamedPipe: Ha terminado la canalización. (0x6D)
[0205/164447.803:ERROR:registration_protocol_win.cc(130)] TransactNamedPipe: Ha terminado la canalización. (0x6D)
[0205/164927.440:ERROR:registration_protocol_win.cc(130)] TransactNamedPipe: Ha terminado la canalización. (0x6D)
[0205/165014.629:ERROR:registration_protocol_win.cc(130)] TransactNamedPipe: Ha terminado la canalización. (0x6D)
[0205/165537.661:ERROR:registration_protocol_win.cc(130)] TransactNamedPipe: Ha terminado la canalización. (0x6D)
[0205/165825.900:ERROR:registration_protocol_win.cc(130)] TransactNamedPipe: Ha terminado la canalización. (0x6D)
[0205/171718.372:ERROR:registration_protocol_win.cc(130)] TransactNamedPipe: Ha terminado la canalización. (0x6D)
[0205/171845.307:ERROR:registration_protocol_win.cc(130)] TransactNamedPipe: Ha terminado la canalización. (0x6D)
[0209/100702.965:ERROR:registration_protocol_win.cc(130)] TransactNamedPipe: Ha terminado la canalización. (0x6D)
[0209/101905.708:ERROR:registration_protocol_win.cc(130)] TransactNamedPipe: Ha terminado la canalización. (0x6D)
[0209/101955.483:ERROR:registration_protocol_win.cc(130)] TransactNamedPipe: Ha terminado la canalización. (0x6D)
[0209/103454.363:ERROR:registration_protocol_win.cc(130)] TransactNamedPipe: Ha terminado la canalización. (0x6D)
[0209/105825.654:ERROR:registration_protocol_win.cc(130)] TransactNamedPipe: Ha terminado la canalización. (0x6D)
[0209/115600.424:ERROR:registration_protocol_win.cc(130)] TransactNamedPipe: Ha terminado la canalización. (0x6D)
[0209/154125.135:ERROR:registration_protocol_win.cc(130)] TransactNamedPipe: Ha terminado la canalización. (0x6D)
[0209/154348.496:ERROR:registration_protocol_win.cc(130)] TransactNamedPipe: Ha terminado la canalización. (0x6D)
[0209/154953.089:ERROR:registration_protocol_win.cc(130)] TransactNamedPipe: Ha terminado la canalización. (0x6D)
[0209/155140.917:ERROR:registration_protocol_win.cc(130)] TransactNamedPipe: Ha terminado la canalización. (0x6D)
[0209/155725.318:ERROR:registration_protocol_win.cc(130)] TransactNamedPipe: Ha terminado la canalización. (0x6D)
[0209/155847.067:ERROR:registration_protocol_win.cc(130)] TransactNamedPipe: Ha terminado la canalización. (0x6D)
[0209/160510.280:ERROR:registration_protocol_win.cc(130)] TransactNamedPipe: Ha terminado la canalización. (0x6D)
[0209/161203.561:ERROR:registration_protocol_win.cc(130)] TransactNamedPipe: Ha terminado la canalización. (0x6D)
[0209/163824.787:ERROR:registration_protocol_win.cc(130)] TransactNamedPipe: Ha terminado la canalización. (0x6D)
[0209/164340.593:ERROR:registration_protocol_win.cc(130)] TransactNamedPipe: Ha terminado la canalización. (0x6D)
[0209/170147.764:ERROR:registration_protocol_win.cc(130)] TransactNamedPipe: Ha terminado la canalización. (0x6D)
[0209/172534.398:ERROR:registration_protocol_win.cc(130)] TransactNamedPipe: Ha terminado la canalización. (0x6D)
[0209/175627.517:ERROR:registration_protocol_win.cc(130)] TransactNamedPipe: Ha terminado la canalización. (0x6D)
[0209/175735.383:ERROR:registration_protocol_win.cc(130)] TransactNamedPipe: Ha terminado la canalización. (0x6D)
[0209/175843.859:ERROR:registration_protocol_win.cc(130)] TransactNamedPipe: Ha terminado la canalización. (0x6D)
[0209/180138.285:ERROR:registration_protocol_win.cc(130)] TransactNamedPipe: Ha terminado la canalización. (0x6D)
[0209/181221.086:ERROR:registration_protocol_win.cc(130)] TransactNamedPipe: Ha terminado la canalización. (0x6D)
[0210/093515.154:ERROR:registration_protocol_win.cc(130)] TransactNamedPipe: Ha terminado la canalización. (0x6D)
[0210/095052.372:ERROR:registration_protocol_win.cc(130)] TransactNamedPipe: Ha terminado la canalización. (0x6D)
[0210/100805.172:ERROR:registration_protocol_win.cc(130)] TransactNamedPipe: Ha terminado la canalización. (0x6D)
[0210/103058.082:ERROR:registration_protocol_win.cc(130)] TransactNamedPipe: Ha terminado la canalización. (0x6D)
[0210/111426.292:ERROR:registration_protocol_win.cc(130)] TransactNamedPipe: Ha terminado la canalización. (0x6D)
[0210/120736.043:ERROR:registration_protocol_win.cc(130)] TransactNamedPipe: Ha terminado la canalización. (0x6D)
[0210/120826.692:ERROR:registration_protocol_win.cc(130)] TransactNamedPipe: Ha terminado la canalización. (0x6D)
[0210/121001.119:ERROR:registration_protocol_win.cc(130)] TransactNamedPipe: Ha terminado la canalización. (0x6D)
[0210/121310.745:ERROR:registration_protocol_win.cc(130)] TransactNamedPipe: Ha terminado la canalización. (0x6D)
[0210/121830.473:ERROR:registration_protocol_win.cc(130)] TransactNamedPipe: Ha terminado la canalización. (0x6D)
[0210/122445.576:ERROR:registration_protocol_win.cc(130)] TransactNamedPipe: Ha terminado la canalización. (0x6D)
[0210/122520.436:ERROR:registration_protocol_win.cc(130)] TransactNamedPipe: Ha terminado la canalización. (0x6D)
[0210/122636.437:ERROR:registration_protocol_win.cc(130)] TransactNamedPipe: Ha terminado la canalización. (0x6D)
[0210/122758.874:ERROR:registration_protocol_win.cc(130)] TransactNamedPipe: Ha terminado la canalización. (0x6D)
[0210/123323.528:ERROR:registration_protocol_win.cc(130)] TransactNamedPipe: Ha terminado la canalización. (0x6D)
[0210/123455.958:ERROR:registration_protocol_win.cc(130)] TransactNamedPipe: Ha terminado la canalización. (0x6D)
[0210/123614.240:ERROR:registration_protocol_win.cc(130)] TransactNamedPipe: Ha terminado la canalización. (0x6D)
[0210/123729.169:ERROR:registration_protocol_win.cc(130)] TransactNamedPipe: Ha terminado la canalización. (0x6D)
[0210/142602.774:ERROR:registration_protocol_win.cc(130)] TransactNamedPipe: Ha terminado la canalización. (0x6D)
[0210/143335.158:ERROR:registration_protocol_win.cc(130)] TransactNamedPipe: Ha terminado la canalización. (0x6D)
[0210/144937.269:ERROR:registration_protocol_win.cc(130)] TransactNamedPipe: Ha terminado la canalización. (0x6D)
[0210/145717.136:ERROR:registration_protocol_win.cc(130)] TransactNamedPipe: Ha terminado la canalización. (0x6D)
[0210/150648.776:ERROR:registration_protocol_win.cc(130)] TransactNamedPipe: Ha terminado la canalización. (0x6D)
[0210/150802.987:ERROR:registration_protocol_win.cc(130)] TransactNamedPipe: Ha terminado la canalización. (0x6D)
[0210/151047.153:ERROR:registration_protocol_win.cc(130)] TransactNamedPipe: Ha terminado la canalización. (0x6D)
[0210/162044.338:ERROR:registration_protocol_win.cc(130)] TransactNamedPipe: Ha terminado la canalización. (0x6D)
[0210/162927.945:ERROR:registration_protocol_win.cc(130)] TransactNamedPipe: Ha terminado la canalización. (0x6D)
[0210/163158.049:ERROR:registration_protocol_win.cc(130)] TransactNamedPipe: Ha terminado la canalización. (0x6D)
[0210/163710.849:ERROR:registration_protocol_win.cc(130)] TransactNamedPipe: Ha terminado la canalización. (0x6D)
[0210/165612.261:ERROR:registration_protocol_win.cc(130)] TransactNamedPipe: Ha terminado la canalización. (0x6D)
[0211/092742.546:ERROR:registration_protocol_win.cc(130)] TransactNamedPipe: Ha terminado la canalización. (0x6D)
[0211/093645.973:ERROR:registration_protocol_win.cc(130)] TransactNamedPipe: Ha terminado la canalización. (0x6D)
[0211/094818.967:ERROR:registration_protocol_win.cc(130)] TransactNamedPipe: Ha terminado la canalización. (0x6D)
[0211/103341.003:ERROR:registration_protocol_win.cc(130)] TransactNamedPipe: Ha terminado la canalización. (0x6D)
[0211/103642.585:ERROR:registration_protocol_win.cc(130)] TransactNamedPipe: Ha terminado la canalización. (0x6D)
[0211/105327.664:ERROR:registration_protocol_win.cc(130)] TransactNamedPipe: Ha terminado la canalización. (0x6D)
[0211/114136.685:ERROR:registration_protocol_win.cc(130)] TransactNamedPipe: Ha terminado la canalización. (0x6D)
[0211/114410.675:ERROR:registration_protocol_win.cc(130)] TransactNamedPipe: Ha terminado la canalización. (0x6D)
[0211/114839.373:ERROR:registration_protocol_win.cc(130)] TransactNamedPipe: Ha terminado la canalización. (0x6D)
[0211/115824.696:ERROR:registration_protocol_win.cc(130)] TransactNamedPipe: Ha terminado la canalización. (0x6D)
[0211/172847.805:ERROR:registration_protocol_win.cc(130)] TransactNamedPipe: Ha terminado la canalización. (0x6D)
[0211/173210.555:ERROR:registration_protocol_win.cc(130)] TransactNamedPipe: Ha terminado la canalización. (0x6D)
[0212/091232.149:ERROR:registration_protocol_win.cc(130)] TransactNamedPipe: Ha terminado la canalización. (0x6D)
[0212/091732.535:ERROR:registration_protocol_win.cc(130)] TransactNamedPipe: Ha terminado la canalización. (0x6D)
[0212/091819.345:ERROR:registration_protocol_win.cc(130)] TransactNamedPipe: Ha terminado la canalización. (0x6D)
[0212/093627.236:ERROR:registration_protocol_win.cc(130)] TransactNamedPipe: Ha terminado la canalización. (0x6D)
[0212/093738.327:ERROR:registration_protocol_win.cc(130)] TransactNamedPipe: Ha terminado la canalización. (0x6D)
[0212/093831.466:ERROR:registration_protocol_win.cc(130)] TransactNamedPipe: Ha terminado la canalización. (0x6D)
[0212/094051.554:ERROR:registration_protocol_win.cc(130)] TransactNamedPipe: Ha terminado la canalización. (0x6D)
[0212/100135.830:ERROR:registration_protocol_win.cc(130)] TransactNamedPipe: Ha terminado la canalización. (0x6D)
[0212/100927.377:ERROR:registration_protocol_win.cc(130)] TransactNamedPipe: Ha terminado la canalización. (0x6D)
[0212/101332.587:ERROR:registration_protocol_win.cc(130)] TransactNamedPipe: Ha terminado la canalización. (0x6D)
[0212/101924.770:ERROR:registration_protocol_win.cc(130)] TransactNamedPipe: Ha terminado la canalización. (0x6D)
[0212/102458.940:ERROR:registration_protocol_win.cc(130)] TransactNamedPipe: Ha terminado la canalización. (0x6D)
[0212/163620.557:ERROR:registration_protocol_win.cc(130)] TransactNamedPipe: Ha terminado la canalización. (0x6D)
[0212/164316.270:ERROR:registration_protocol_win.cc(130)] TransactNamedPipe: Ha terminado la canalización. (0x6D)
[0215/101240.656:ERROR:registration_protocol_win.cc(130)] TransactNamedPipe: Ha terminado la canalización. (0x6D)
[0215/101905.584:ERROR:registration_protocol_win.cc(130)] TransactNamedPipe: Ha terminado la canalización. (0x6D)
[0215/102231.039:ERROR:registration_protocol_win.cc(130)] TransactNamedPipe: Ha terminado la canalización. (0x6D)
[0215/115802.472:ERROR:registration_protocol_win.cc(130)] TransactNamedPipe: Ha terminado la canalización. (0x6D)
[0215/120336.616:ERROR:registration_protocol_win.cc(130)] TransactNamedPipe: Ha terminado la canalización. (0x6D)
[0215/120511.704:ERROR:registration_protocol_win.cc(130)] TransactNamedPipe: Ha terminado la canalización. (0x6D)
[0215/120830.178:ERROR:registration_protocol_win.cc(130)] TransactNamedPipe: Ha terminado la canalización. (0x6D)
[0215/121204.061:ERROR:registration_protocol_win.cc(130)] TransactNamedPipe: Ha terminado la canalización. (0x6D)
[0215/153244.613:ERROR:registration_protocol_win.cc(130)] TransactNamedPipe: Ha terminado la canalización. (0x6D)
[0215/155248.109:ERROR:registration_protocol_win.cc(130)] TransactNamedPipe: Ha terminado la canalización. (0x6D)
[0215/155603.756:ERROR:registration_protocol_win.cc(130)] TransactNamedPipe: Ha terminado la canalización. (0x6D)
[0217/110559.407:ERROR:registration_protocol_win.cc(130)] TransactNamedPipe: Ha terminado la canalización. (0x6D)
[0217/111618.678:ERROR:registration_protocol_win.cc(130)] TransactNamedPipe: Ha terminado la canalización. (0x6D)
[0217/114611.348:ERROR:registration_protocol_win.cc(130)] TransactNamedPipe: Ha terminado la canalización. (0x6D)
[0217/115511.596:ERROR:registration_protocol_win.cc(130)] TransactNamedPipe: Ha terminado la canalización. (0x6D)
[0217/120047.589:ERROR:registration_protocol_win.cc(130)] TransactNamedPipe: Ha terminado la canalización. (0x6D)
[0217/120317.561:ERROR:registration_protocol_win.cc(130)] TransactNamedPipe: Ha terminado la canalización. (0x6D)
[0217/121008.744:ERROR:registration_protocol_win.cc(130)] TransactNamedPipe: Ha terminado la canalización. (0x6D)
[0217/121513.440:ERROR:registration_protocol_win.cc(130)] TransactNamedPipe: Ha terminado la canalización. (0x6D)
[0217/121954.213:ERROR:registration_protocol_win.cc(130)] TransactNamedPipe: Ha terminado la canalización. (0x6D)
[0217/125920.544:ERROR:registration_protocol_win.cc(130)] TransactNamedPipe: Ha terminado la canalización. (0x6D)
[0217/135538.119:ERROR:registration_protocol_win.cc(130)] TransactNamedPipe: Ha terminado la canalización. (0x6D)
[0217/135829.204:ERROR:registration_protocol_win.cc(130)] TransactNamedPipe: Ha terminado la canalización. (0x6D)
[0217/140015.085:ERROR:registration_protocol_win.cc(130)] TransactNamedPipe: Ha terminado la canalización. (0x6D)
[0217/140311.732:ERROR:registration_protocol_win.cc(130)] TransactNamedPipe: Ha terminado la canalización. (0x6D)
[0217/144836.406:ERROR:registration_protocol_win.cc(130)] TransactNamedPipe: Ha terminado la canalización. (0x6D)
[0217/145906.751:ERROR:registration_protocol_win.cc(130)] TransactNamedPipe: Ha terminado la canalización. (0x6D)
[0217/151237.181:ERROR:registration_protocol_win.cc(130)] TransactNamedPipe: Ha terminado la canalización. (0x6D)
[0217/160215.565:ERROR:registration_protocol_win.cc(130)] TransactNamedPipe: Ha terminado la canalización. (0x6D)
[0217/161847.933:ERROR:registration_protocol_win.cc(130)] TransactNamedPipe: Ha terminado la canalización. (0x6D)
[0217/162334.551:ERROR:registration_protocol_win.cc(130)] TransactNamedPipe: Ha terminado la canalización. (0x6D)
[0217/162729.460:ERROR:registration_protocol_win.cc(130)] TransactNamedPipe: Ha terminado la canalización. (0x6D)
[0217/163111.504:ERROR:registration_protocol_win.cc(130)] TransactNamedPipe: Ha terminado la canalización. (0x6D)
[0217/163502.519:ERROR:registration_protocol_win.cc(130)] TransactNamedPipe: Ha terminado la canalización. (0x6D)
[0217/163911.092:ERROR:registration_protocol_win.cc(130)] TransactNamedPipe: Ha terminado la canalización. (0x6D)
[0217/164331.129:ERROR:registration_protocol_win.cc(130)] TransactNamedPipe: Ha terminado la canalización. (0x6D)
[0217/164946.889:ERROR:registration_protocol_win.cc(130)] TransactNamedPipe: Ha terminado la canalización. (0x6D)
[0217/172251.929:ERROR:registration_protocol_win.cc(130)] TransactNamedPipe: Ha terminado la canalización. (0x6D)
[0217/172354.186:ERROR:registration_protocol_win.cc(130)] TransactNamedPipe: Ha terminado la canalización. (0x6D)
[0217/172503.374:ERROR:registration_protocol_win.cc(130)] TransactNamedPipe: Ha terminado la canalización. (0x6D)
[0217/172610.822:ERROR:registration_protocol_win.cc(130)] TransactNamedPipe: Ha terminado la canalización. (0x6D)
[0217/173221.586:ERROR:registration_protocol_win.cc(130)] TransactNamedPipe: Ha terminado la canalización. (0x6D)
[0217/173507.962:ERROR:registration_protocol_win.cc(130)] TransactNamedPipe: Ha terminado la canalización. (0x6D)
[0218/095519.290:ERROR:registration_protocol_win.cc(130)] TransactNamedPipe: Ha terminado la canalización. (0x6D)
[0218/100826.796:ERROR:registration_protocol_win.cc(130)] TransactNamedPipe: Ha terminado la canalización. (0x6D)
[0218/110218.866:ERROR:registration_protocol_win.cc(130)] TransactNamedPipe: Ha terminado la canalización. (0x6D)
[0218/142120.539:ERROR:registration_protocol_win.cc(130)] TransactNamedPipe: Ha terminado la canalización. (0x6D)
[0218/142214.109:ERROR:registration_protocol_win.cc(130)] TransactNamedPipe: Ha terminado la canalización. (0x6D)
[0218/143435.481:ERROR:registration_protocol_win.cc(130)] TransactNamedPipe: Ha terminado la canalización. (0x6D)
[0218/144041.439:ERROR:registration_protocol_win.cc(130)] TransactNamedPipe: Ha terminado la canalización. (0x6D)
[0218/144124.943:ERROR:registration_protocol_win.cc(130)] TransactNamedPipe: Ha terminado la canalización. (0x6D)
[0218/150910.435:ERROR:registration_protocol_win.cc(130)] TransactNamedPipe: Ha terminado la canalización. (0x6D)
[0218/151859.580:ERROR:registration_protocol_win.cc(130)] TransactNamedPipe: Ha terminado la canalización. (0x6D)
[0218/151947.699:ERROR:registration_protocol_win.cc(130)] TransactNamedPipe: Ha terminado la canalización. (0x6D)
[0218/152846.266:ERROR:registration_protocol_win.cc(130)] TransactNamedPipe: Ha terminado la canalización. (0x6D)
[0218/155240.206:ERROR:registration_protocol_win.cc(130)] TransactNamedPipe: Ha terminado la canalización. (0x6D)
[0218/155355.654:ERROR:registration_protocol_win.cc(130)] TransactNamedPipe: Ha terminado la canalización. (0x6D)
[0218/155632.041:ERROR:registration_protocol_win.cc(130)] TransactNamedPipe: Ha terminado la canalización. (0x6D)
[0218/155929.216:ERROR:registration_protocol_win.cc(130)] TransactNamedPipe: Ha terminado la canalización. (0x6D)
[0218/160347.930:ERROR:registration_protocol_win.cc(130)] TransactNamedPipe: Ha terminado la canalización. (0x6D)
[0218/160713.698:ERROR:registration_protocol_win.cc(130)] TransactNamedPipe: Ha terminado la canalización. (0x6D)
[0218/161123.979:ERROR:registration_protocol_win.cc(130)] TransactNamedPipe: Ha terminado la canalización. (0x6D)
[0218/162201.515:ERROR:registration_protocol_win.cc(130)] TransactNamedPipe: Ha terminado la canalización. (0x6D)
[0218/162332.414:ERROR:registration_protocol_win.cc(130)] TransactNamedPipe: Ha terminado la canalización. (0x6D)
[0218/162606.960:ERROR:registration_protocol_win.cc(130)] TransactNamedPipe: Ha terminado la canalización. (0x6D)
[0218/164834.871:ERROR:registration_protocol_win.cc(130)] TransactNamedPipe: Ha terminado la canalización. (0x6D)
[0218/165109.638:ERROR:registration_protocol_win.cc(130)] TransactNamedPipe: Ha terminado la canalización. (0x6D)
[0421/123435.995:ERROR:registration_protocol_win.cc(130)] TransactNamedPipe: Ha terminado la canalización. (0x6D)
[0421/123542.569:ERROR:registration_protocol_win.cc(130)] TransactNamedPipe: Ha terminado la canalización. (0x6D)
[0421/124308.799:ERROR:registration_protocol_win.cc(130)] TransactNamedPipe: Ha terminado la canalización. (0x6D)
[0421/140302.955:ERROR:registration_protocol_win.cc(130)] TransactNamedPipe: Ha terminado la canalización. (0x6D)
[0421/142550.715:ERROR:registration_protocol_win.cc(130)] TransactNamedPipe: Ha terminado la canalización. (0x6D)
[0421/143132.519:ERROR:registration_protocol_win.cc(130)] TransactNamedPipe: Ha terminado la canalización. (0x6D)
[0421/150242.804:ERROR:registration_protocol_win.cc(130)] TransactNamedPipe: Ha terminado la canalización. (0x6D)
[0421/152508.458:ERROR:registration_protocol_win.cc(130)] TransactNamedPipe: Ha terminado la canalización. (0x6D)
[0421/153612.733:ERROR:registration_protocol_win.cc(130)] TransactNamedPipe: Ha terminado la canalización. (0x6D)
[0421/153708.761:ERROR:registration_protocol_win.cc(130)] TransactNamedPipe: Ha terminado la canalización. (0x6D)
[0421/170237.659:ERROR:registration_protocol_win.cc(130)] TransactNamedPipe: Ha terminado la canalización. (0x6D)
[0421/170702.934:ERROR:registration_protocol_win.cc(130)] TransactNamedPipe: Ha terminado la canalización. (0x6D)
[0421/173252.899:ERROR:registration_protocol_win.cc(130)] TransactNamedPipe: Ha terminado la canalización. (0x6D)
[0421/173512.379:ERROR:registration_protocol_win.cc(130)] TransactNamedPipe: Ha terminado la canalización. (0x6D)
[0421/173709.991:ERROR:registration_protocol_win.cc(130)] TransactNamedPipe: Ha terminado la canalización. (0x6D)
[0421/174346.493:ERROR:registration_protocol_win.cc(130)] TransactNamedPipe: Ha terminado la canalización. (0x6D)
[0421/175111.382:ERROR:registration_protocol_win.cc(130)] TransactNamedPipe: Ha terminado la canalización. (0x6D)
[0421/175414.821:ERROR:registration_protocol_win.cc(130)] TransactNamedPipe: Ha terminado la canalización. (0x6D)
[0421/175928.151:ERROR:registration_protocol_win.cc(130)] TransactNamedPipe: Ha terminado la canalización. (0x6D)
[0421/180848.046:ERROR:registration_protocol_win.cc(130)] TransactNamedPipe: Ha terminado la canalización. (0x6D)
[0421/212543.961:ERROR:registration_protocol_win.cc(130)] TransactNamedPipe: Ha terminado la canalización. (0x6D)
[0421/212738.901:ERROR:registration_protocol_win.cc(130)] TransactNamedPipe: Ha terminado la canalización. (0x6D)
[0421/212956.048:ERROR:registration_protocol_win.cc(130)] TransactNamedPipe: Ha terminado la canalización. (0x6D)
[0422/141949.507:ERROR:registration_protocol_win.cc(130)] TransactNamedPipe: Ha terminado la canalización. (0x6D)
[0422/142617.298:ERROR:registration_protocol_win.cc(130)] TransactNamedPipe: Ha terminado la canalización. (0x6D)
